2026-03-02 00:00:00 {"info": "n", "mode": "\u8ba1\u7b97\u6bcf\u5929\u7528\u91cf__Rec_scheduler", "data": "\u5f00\u59cb\u8ba1\u7b97..."}
2026-03-02 00:00:00 {"info": "y", "mode": "\u8ba1\u7b97\u6bcf\u5929\u7528\u91cf__Rec_scheduler", "data": "\u8ba1\u7b97\u5e76\u66f4\u65b0\u6210\u529f"}
2026-03-02 00:00:00 {"info": "y", "msg": "\u5df2\u6e05\u74062026-02-28\u4e4b\u524d\u7684\u6570\u636e", "file": "/tmp/mnt/fwebcc/home/smqtt/pid/auto.log"}
2026-03-02 00:00:00 {"info": "y", "msg": "\u5df2\u6e05\u74062026-02-28\u4e4b\u524d\u7684\u6570\u636e", "file": "/tmp/mnt/fwebcc/home/smqtt/pid/apscheduler.log"}
2026-03-02 00:10:00 {"info": "y", "mode": "清理历史记录", "data": "删除表里60天前数据成功"}
2026-03-02 00:25:24 {"info": "y", "mode": "\u8ba1\u7b97\u5f53\u524d\u7528\u91cf", "data": "\u8bb0\u5f55\u6210\u529f"}
2026-03-02 00:55:24 {"info": "y", "mode": "\u8ba1\u7b97\u5f53\u524d\u7528\u91cf", "data": "\u8bb0\u5f55\u6210\u529f"}
2026-03-02 01:00:00 [Success-Main] loog/pw2/C off
2026-03-02 01:25:24 {"info": "y", "mode": "\u8ba1\u7b97\u5f53\u524d\u7528\u91cf", "data": "\u8bb0\u5f55\u6210\u529f"}
2026-03-02 01:55:24 {"info": "y", "mode": "\u8ba1\u7b97\u5f53\u524d\u7528\u91cf", "data": "\u8bb0\u5f55\u6210\u529f"}
2026-03-02 02:00:00 [Success-Main] loog/ac88u/C off
2026-03-02 02:25:24 {"info": "y", "mode": "\u8ba1\u7b97\u5f53\u524d\u7528\u91cf", "data": "\u8bb0\u5f55\u6210\u529f"}
2026-03-02 02:55:24 {"info": "y", "mode": "\u8ba1\u7b97\u5f53\u524d\u7528\u91cf", "data": "\u8bb0\u5f55\u6210\u529f"}
2026-03-02 03:25:24 {"info": "y", "mode": "\u8ba1\u7b97\u5f53\u524d\u7528\u91cf", "data": "\u8bb0\u5f55\u6210\u529f"}
2026-03-02 03:55:24 {"info": "y", "mode": "\u8ba1\u7b97\u5f53\u524d\u7528\u91cf", "data": "\u8bb0\u5f55\u6210\u529f"}
2026-03-02 04:25:24 {"info": "y", "mode": "\u8ba1\u7b97\u5f53\u524d\u7528\u91cf", "data": "\u8bb0\u5f55\u6210\u529f"}
2026-03-02 04:55:24 {"info": "y", "mode": "\u8ba1\u7b97\u5f53\u524d\u7528\u91cf", "data": "\u8bb0\u5f55\u6210\u529f"}
2026-03-02 05:25:24 {"info": "y", "mode": "\u8ba1\u7b97\u5f53\u524d\u7528\u91cf", "data": "\u8bb0\u5f55\u6210\u529f"}
2026-03-02 05:30:00 [Success-Main] loog/rsq/cmnd/POWER2 on
2026-03-02 05:55:24 {"info": "y", "mode": "\u8ba1\u7b97\u5f53\u524d\u7528\u91cf", "data": "\u8bb0\u5f55\u6210\u529f"}
2026-03-02 06:00:00 [Success-Main] loog/lxwc/C2 on
2026-03-02 06:00:00 [Success-Main] loog/rsq/cmnd/POWER1 on
2026-03-02 06:25:24 {"info": "y", "mode": "\u8ba1\u7b97\u5f53\u524d\u7528\u91cf", "data": "\u8bb0\u5f55\u6210\u529f"}
2026-03-02 06:55:24 {"info": "y", "mode": "\u8ba1\u7b97\u5f53\u524d\u7528\u91cf", "data": "\u8bb0\u5f55\u6210\u529f"}
2026-03-02 07:25:24 {"info": "y", "mode": "\u8ba1\u7b97\u5f53\u524d\u7528\u91cf", "data": "\u8bb0\u5f55\u6210\u529f"}
2026-03-02 07:51:28 {"info": "y", "mode": "清理历史记录", "data": "删除表里7天前数据成功"}
2026-03-02 07:55:00 [Success-Main] loog/rsq/cmnd/POWER1 off
2026-03-02 07:55:24 {"info": "y", "mode": "\u8ba1\u7b97\u5f53\u524d\u7528\u91cf", "data": "\u8bb0\u5f55\u6210\u529f"}
2026-03-02 08:00:00 [Success-Main] loog/keting/cmnd/POWER off
2026-03-02 08:25:24 {"info": "y", "mode": "\u8ba1\u7b97\u5f53\u524d\u7528\u91cf", "data": "\u8bb0\u5f55\u6210\u529f"}
2026-03-02 08:55:24 {"info": "y", "mode": "\u8ba1\u7b97\u5f53\u524d\u7528\u91cf", "data": "\u8bb0\u5f55\u6210\u529f"}
2026-03-02 09:25:24 {"info": "y", "mode": "\u8ba1\u7b97\u5f53\u524d\u7528\u91cf", "data": "\u8bb0\u5f55\u6210\u529f"}
2026-03-02 09:55:24 {"info": "y", "mode": "\u8ba1\u7b97\u5f53\u524d\u7528\u91cf", "data": "\u8bb0\u5f55\u6210\u529f"}
2026-03-02 10:25:24 {"info": "y", "mode": "\u8ba1\u7b97\u5f53\u524d\u7528\u91cf", "data": "\u8bb0\u5f55\u6210\u529f"}
2026-03-02 10:55:24 {"info": "y", "mode": "\u8ba1\u7b97\u5f53\u524d\u7528\u91cf", "data": "\u8bb0\u5f55\u6210\u529f"}
2026-03-02 11:25:24 {"info": "y", "mode": "\u8ba1\u7b97\u5f53\u524d\u7528\u91cf", "data": "\u8bb0\u5f55\u6210\u529f"}
2026-03-02 11:55:24 {"info": "y", "mode": "\u8ba1\u7b97\u5f53\u524d\u7528\u91cf", "data": "\u8bb0\u5f55\u6210\u529f"}
2026-03-02 12:25:24 {"info": "y", "mode": "\u8ba1\u7b97\u5f53\u524d\u7528\u91cf", "data": "\u8bb0\u5f55\u6210\u529f"}
2026-03-02 12:55:24 {"info": "y", "mode": "\u8ba1\u7b97\u5f53\u524d\u7528\u91cf", "data": "\u8bb0\u5f55\u6210\u529f"}
2026-03-02 13:25:24 {"info": "y", "mode": "\u8ba1\u7b97\u5f53\u524d\u7528\u91cf", "data": "\u8bb0\u5f55\u6210\u529f"}
2026-03-02 13:55:24 {"info": "y", "mode": "\u8ba1\u7b97\u5f53\u524d\u7528\u91cf", "data": "\u8bb0\u5f55\u6210\u529f"}
2026-03-02 14:25:24 {"info": "y", "mode": "\u8ba1\u7b97\u5f53\u524d\u7528\u91cf", "data": "\u8bb0\u5f55\u6210\u529f"}
2026-03-02 14:55:24 {"info": "y", "mode": "\u8ba1\u7b97\u5f53\u524d\u7528\u91cf", "data": "\u8bb0\u5f55\u6210\u529f"}
2026-03-02 15:25:24 {"info": "y", "mode": "\u8ba1\u7b97\u5f53\u524d\u7528\u91cf", "data": "\u8bb0\u5f55\u6210\u529f"}
2026-03-02 15:55:24 {"info": "y", "mode": "\u8ba1\u7b97\u5f53\u524d\u7528\u91cf", "data": "\u8bb0\u5f55\u6210\u529f"}
2026-03-02 16:25:24 {"info": "y", "mode": "\u8ba1\u7b97\u5f53\u524d\u7528\u91cf", "data": "\u8bb0\u5f55\u6210\u529f"}
2026-03-02 16:55:24 {"info": "y", "mode": "\u8ba1\u7b97\u5f53\u524d\u7528\u91cf", "data": "\u8bb0\u5f55\u6210\u529f"}
2026-03-02 17:25:24 {"info": "y", "mode": "\u8ba1\u7b97\u5f53\u524d\u7528\u91cf", "data": "\u8bb0\u5f55\u6210\u529f"}
2026-03-02 17:55:24 {"info": "y", "mode": "\u8ba1\u7b97\u5f53\u524d\u7528\u91cf", "data": "\u8bb0\u5f55\u6210\u529f"}
2026-03-02 17:56:48 [Success-Main] loog/keting/cmnd/POWER on
2026-03-02 17:56:48 [Success-Main] loog/keting/cmnd/POWER on
2026-03-02 17:57:29 [Success-Main] loog/keting/cmnd/POWER on
2026-03-02 17:57:29 [Success-Main] loog/keting/cmnd/POWER on
2026-03-02 18:25:24 {"info": "y", "mode": "\u8ba1\u7b97\u5f53\u524d\u7528\u91cf", "data": "\u8bb0\u5f55\u6210\u529f"}
2026-03-02 18:55:24 {"info": "y", "mode": "\u8ba1\u7b97\u5f53\u524d\u7528\u91cf", "data": "\u8bb0\u5f55\u6210\u529f"}
2026-03-02 19:25:24 {"info": "y", "mode": "\u8ba1\u7b97\u5f53\u524d\u7528\u91cf", "data": "\u8bb0\u5f55\u6210\u529f"}
2026-03-02 19:55:24 {"info": "y", "mode": "\u8ba1\u7b97\u5f53\u524d\u7528\u91cf", "data": "\u8bb0\u5f55\u6210\u529f"}
2026-03-02 20:25:24 {"info": "y", "mode": "\u8ba1\u7b97\u5f53\u524d\u7528\u91cf", "data": "\u8bb0\u5f55\u6210\u529f"}
2026-03-02 20:55:24 {"info": "y", "mode": "\u8ba1\u7b97\u5f53\u524d\u7528\u91cf", "data": "\u8bb0\u5f55\u6210\u529f"}
2026-03-02 21:00:00 [Success-Main] loog/lxwc/C2 off
2026-03-02 21:25:24 {"info": "y", "mode": "\u8ba1\u7b97\u5f53\u524d\u7528\u91cf", "data": "\u8bb0\u5f55\u6210\u529f"}
2026-03-02 21:30:00 [Success-Main] loog/keting/cmnd/POWER off
2026-03-02 21:30:00 [Success-Main] loog/keting/cmnd/POWER off
2026-03-02 21:55:24 {"info": "y", "mode": "\u8ba1\u7b97\u5f53\u524d\u7528\u91cf", "data": "\u8bb0\u5f55\u6210\u529f"}
2026-03-02 22:02:03 [Success-Main] loog/keting/cmnd/POWER off
2026-03-02 22:20:00 [Success-Main] loog/zhongting/cmnd/POWER off
2026-03-02 22:21:33 [Success-Main] loog/keting/cmnd/POWER off
2026-03-02 22:25:24 {"info": "y", "mode": "\u8ba1\u7b97\u5f53\u524d\u7528\u91cf", "data": "\u8bb0\u5f55\u6210\u529f"}
2026-03-02 22:30:00 [Success-Main] loog/woshi/C off
2026-03-02 22:55:01 [Success-Main] loog/keting/cmnd/POWER off
2026-03-02 22:55:24 {"info": "y", "mode": "\u8ba1\u7b97\u5f53\u524d\u7528\u91cf", "data": "\u8bb0\u5f55\u6210\u529f"}
2026-03-02 22:55:47 [Success-Main] loog/ac88u/C off
2026-03-02 23:16:12 [Success-Main] loog/keting/cmnd/POWER off
2026-03-02 23:25:24 {"info": "y", "mode": "\u8ba1\u7b97\u5f53\u524d\u7528\u91cf", "data": "\u8bb0\u5f55\u6210\u529f"}
2026-03-02 23:33:12 [Success-Main] loog/keting/cmnd/POWER off
2026-03-02 23:43:37 [Success-Main] loog/keting/cmnd/POWER off
2026-03-02 23:55:24 {"info": "y", "mode": "\u8ba1\u7b97\u5f53\u524d\u7528\u91cf", "data": "\u8bb0\u5f55\u6210\u529f"}
2026-03-03 00:00:00 {"info": "n", "mode": "\u8ba1\u7b97\u6bcf\u5929\u7528\u91cf__Rec_scheduler", "data": "\u5f00\u59cb\u8ba1\u7b97..."}
2026-03-03 00:00:00 {"info": "y", "mode": "\u8ba1\u7b97\u6bcf\u5929\u7528\u91cf__Rec_scheduler", "data": "\u8ba1\u7b97\u5e76\u66f4\u65b0\u6210\u529f"}
2026-03-03 00:00:00 {"info": "y", "msg": "\u5df2\u6e05\u74062026-03-01\u4e4b\u524d\u7684\u6570\u636e", "file": "/tmp/mnt/fwebcc/home/smqtt/pid/auto.log"}
2026-03-03 00:00:00 {"info": "y", "msg": "\u5df2\u6e05\u74062026-03-01\u4e4b\u524d\u7684\u6570\u636e", "file": "/tmp/mnt/fwebcc/home/smqtt/pid/apscheduler.log"}
2026-03-03 00:10:00 {"info": "y", "mode": "清理历史记录", "data": "删除表里7天前数据成功"}
2026-03-03 00:25:24 {"info": "y", "mode": "\u8ba1\u7b97\u5f53\u524d\u7528\u91cf", "data": "\u8bb0\u5f55\u6210\u529f"}
2026-03-03 00:28:38 [Success-Main] loog/keting/cmnd/POWER off
2026-03-03 00:43:54 [Success-Main] loog/keting/cmnd/POWER off
2026-03-03 00:55:24 {"info": "y", "mode": "\u8ba1\u7b97\u5f53\u524d\u7528\u91cf", "data": "\u8bb0\u5f55\u6210\u529f"}
2026-03-03 01:00:00 [Success-Main] loog/pw2/C off
2026-03-03 01:25:24 {"info": "y", "mode": "\u8ba1\u7b97\u5f53\u524d\u7528\u91cf", "data": "\u8bb0\u5f55\u6210\u529f"}
2026-03-03 01:55:24 {"info": "y", "mode": "\u8ba1\u7b97\u5f53\u524d\u7528\u91cf", "data": "\u8bb0\u5f55\u6210\u529f"}
2026-03-03 01:56:31 [Success-Main] loog/ac88u/C off
2026-03-03 02:00:00 [Success-Main] loog/ac88u/C off
2026-03-03 02:25:24 {"info": "y", "mode": "\u8ba1\u7b97\u5f53\u524d\u7528\u91cf", "data": "\u8bb0\u5f55\u6210\u529f"}
2026-03-03 02:55:24 {"info": "y", "mode": "\u8ba1\u7b97\u5f53\u524d\u7528\u91cf", "data": "\u8bb0\u5f55\u6210\u529f"}
2026-03-03 03:25:24 {"info": "y", "mode": "\u8ba1\u7b97\u5f53\u524d\u7528\u91cf", "data": "\u8bb0\u5f55\u6210\u529f"}
2026-03-03 03:55:24 {"info": "y", "mode": "\u8ba1\u7b97\u5f53\u524d\u7528\u91cf", "data": "\u8bb0\u5f55\u6210\u529f"}
2026-03-03 04:17:50 [Success-Main] loog/keting/cmnd/POWER off
2026-03-03 04:25:24 {"info": "y", "mode": "\u8ba1\u7b97\u5f53\u524d\u7528\u91cf", "data": "\u8bb0\u5f55\u6210\u529f"}
2026-03-03 04:27:57 [Success-Main] loog/keting/cmnd/POWER off
2026-03-03 04:55:24 {"info": "y", "mode": "\u8ba1\u7b97\u5f53\u524d\u7528\u91cf", "data": "\u8bb0\u5f55\u6210\u529f"}
2026-03-03 05:25:24 {"info": "y", "mode": "\u8ba1\u7b97\u5f53\u524d\u7528\u91cf", "data": "\u8bb0\u5f55\u6210\u529f"}
2026-03-03 05:30:00 [Success-Main] loog/rsq/cmnd/POWER2 on
2026-03-03 05:55:24 {"info": "y", "mode": "\u8ba1\u7b97\u5f53\u524d\u7528\u91cf", "data": "\u8bb0\u5f55\u6210\u529f"}
2026-03-03 06:00:00 [Success-Main] loog/lxwc/C2 on
2026-03-03 06:00:00 [Success-Main] loog/rsq/cmnd/POWER1 on
2026-03-03 06:25:24 {"info": "y", "mode": "\u8ba1\u7b97\u5f53\u524d\u7528\u91cf", "data": "\u8bb0\u5f55\u6210\u529f"}
2026-03-03 06:55:24 {"info": "y", "mode": "\u8ba1\u7b97\u5f53\u524d\u7528\u91cf", "data": "\u8bb0\u5f55\u6210\u529f"}
2026-03-03 07:25:24 {"info": "y", "mode": "\u8ba1\u7b97\u5f53\u524d\u7528\u91cf", "data": "\u8bb0\u5f55\u6210\u529f"}
2026-03-03 07:55:00 [Success-Main] loog/rsq/cmnd/POWER1 off
2026-03-03 07:55:24 {"info": "y", "mode": "\u8ba1\u7b97\u5f53\u524d\u7528\u91cf", "data": "\u8bb0\u5f55\u6210\u529f"}
2026-03-03 08:00:00 [Success-Main] loog/keting/cmnd/POWER off
2026-03-03 08:25:24 {"info": "y", "mode": "\u8ba1\u7b97\u5f53\u524d\u7528\u91cf", "data": "\u8bb0\u5f55\u6210\u529f"}
2026-03-03 08:55:24 {"info": "y", "mode": "\u8ba1\u7b97\u5f53\u524d\u7528\u91cf", "data": "\u8bb0\u5f55\u6210\u529f"}
2026-03-03 09:25:24 {"info": "y", "mode": "\u8ba1\u7b97\u5f53\u524d\u7528\u91cf", "data": "\u8bb0\u5f55\u6210\u529f"}
2026-03-03 09:55:24 {"info": "y", "mode": "\u8ba1\u7b97\u5f53\u524d\u7528\u91cf", "data": "\u8bb0\u5f55\u6210\u529f"}
2026-03-03 10:25:24 {"info": "y", "mode": "\u8ba1\u7b97\u5f53\u524d\u7528\u91cf", "data": "\u8bb0\u5f55\u6210\u529f"}
2026-03-03 10:55:24 {"info": "y", "mode": "\u8ba1\u7b97\u5f53\u524d\u7528\u91cf", "data": "\u8bb0\u5f55\u6210\u529f"}
2026-03-03 11:25:24 {"info": "y", "mode": "\u8ba1\u7b97\u5f53\u524d\u7528\u91cf", "data": "\u8bb0\u5f55\u6210\u529f"}
2026-03-03 11:55:24 {"info": "y", "mode": "\u8ba1\u7b97\u5f53\u524d\u7528\u91cf", "data": "\u8bb0\u5f55\u6210\u529f"}
2026-03-03 12:25:24 {"info": "y", "mode": "\u8ba1\u7b97\u5f53\u524d\u7528\u91cf", "data": "\u8bb0\u5f55\u6210\u529f"}
2026-03-03 12:39:11 [Success-Main] loog/ac88u/C off
2026-03-03 12:55:24 {"info": "y", "mode": "\u8ba1\u7b97\u5f53\u524d\u7528\u91cf", "data": "\u8bb0\u5f55\u6210\u529f"}
2026-03-03 13:25:24 {"info": "y", "mode": "\u8ba1\u7b97\u5f53\u524d\u7528\u91cf", "data": "\u8bb0\u5f55\u6210\u529f"}
2026-03-03 13:55:24 {"info": "y", "mode": "\u8ba1\u7b97\u5f53\u524d\u7528\u91cf", "data": "\u8bb0\u5f55\u6210\u529f"}
2026-03-03 14:25:24 {"info": "y", "mode": "\u8ba1\u7b97\u5f53\u524d\u7528\u91cf", "data": "\u8bb0\u5f55\u6210\u529f"}
2026-03-03 14:55:24 {"info": "y", "mode": "\u8ba1\u7b97\u5f53\u524d\u7528\u91cf", "data": "\u8bb0\u5f55\u6210\u529f"}
2026-03-03 15:25:24 {"info": "y", "mode": "\u8ba1\u7b97\u5f53\u524d\u7528\u91cf", "data": "\u8bb0\u5f55\u6210\u529f"}
2026-03-03 15:41:12 [Success-Main] loog/ac88u/C off
2026-03-03 15:55:24 {"info": "y", "mode": "\u8ba1\u7b97\u5f53\u524d\u7528\u91cf", "data": "\u8bb0\u5f55\u6210\u529f"}
2026-03-03 16:25:24 {"info": "y", "mode": "\u8ba1\u7b97\u5f53\u524d\u7528\u91cf", "data": "\u8bb0\u5f55\u6210\u529f"}
2026-03-03 16:55:24 {"info": "y", "mode": "\u8ba1\u7b97\u5f53\u524d\u7528\u91cf", "data": "\u8bb0\u5f55\u6210\u529f"}
2026-03-03 17:25:24 {"info": "y", "mode": "\u8ba1\u7b97\u5f53\u524d\u7528\u91cf", "data": "\u8bb0\u5f55\u6210\u529f"}
2026-03-03 17:55:24 {"info": "y", "mode": "\u8ba1\u7b97\u5f53\u524d\u7528\u91cf", "data": "\u8bb0\u5f55\u6210\u529f"}
2026-03-03 17:57:29 [Success-Main] loog/keting/cmnd/POWER on
2026-03-03 17:57:29 [Success-Main] loog/keting/cmnd/POWER on
2026-03-03 17:58:10 [Success-Main] loog/keting/cmnd/POWER on
2026-03-03 17:58:10 [Success-Main] loog/keting/cmnd/POWER on
2026-03-03 18:25:24 {"info": "y", "mode": "\u8ba1\u7b97\u5f53\u524d\u7528\u91cf", "data": "\u8bb0\u5f55\u6210\u529f"}
2026-03-03 18:55:24 {"info": "y", "mode": "\u8ba1\u7b97\u5f53\u524d\u7528\u91cf", "data": "\u8bb0\u5f55\u6210\u529f"}
2026-03-03 19:25:24 {"info": "y", "mode": "\u8ba1\u7b97\u5f53\u524d\u7528\u91cf", "data": "\u8bb0\u5f55\u6210\u529f"}
2026-03-03 19:55:24 {"info": "y", "mode": "\u8ba1\u7b97\u5f53\u524d\u7528\u91cf", "data": "\u8bb0\u5f55\u6210\u529f"}
2026-03-03 20:25:24 {"info": "y", "mode": "\u8ba1\u7b97\u5f53\u524d\u7528\u91cf", "data": "\u8bb0\u5f55\u6210\u529f"}
2026-03-03 20:55:24 {"info": "y", "mode": "\u8ba1\u7b97\u5f53\u524d\u7528\u91cf", "data": "\u8bb0\u5f55\u6210\u529f"}
2026-03-03 21:00:00 [Success-Main] loog/lxwc/C2 off
2026-03-03 21:25:24 {"info": "y", "mode": "\u8ba1\u7b97\u5f53\u524d\u7528\u91cf", "data": "\u8bb0\u5f55\u6210\u529f"}
2026-03-03 21:30:00 [Success-Main] loog/keting/cmnd/POWER off
2026-03-03 21:30:00 [Success-Main] loog/keting/cmnd/POWER off
2026-03-03 21:55:24 {"info": "y", "mode": "\u8ba1\u7b97\u5f53\u524d\u7528\u91cf", "data": "\u8bb0\u5f55\u6210\u529f"}
2026-03-03 22:20:00 [Success-Main] loog/zhongting/cmnd/POWER off
2026-03-03 22:25:15 [Success-Main] loog/keting/cmnd/POWER off
2026-03-03 22:25:24 {"info": "y", "mode": "\u8ba1\u7b97\u5f53\u524d\u7528\u91cf", "data": "\u8bb0\u5f55\u6210\u529f"}
2026-03-03 22:30:00 [Success-Main] loog/woshi/C off
2026-03-03 22:55:24 {"info": "y", "mode": "\u8ba1\u7b97\u5f53\u524d\u7528\u91cf", "data": "\u8bb0\u5f55\u6210\u529f"}
2026-03-03 23:25:23 [Success-Main] loog/keting/cmnd/POWER off
2026-03-03 23:25:24 {"info": "y", "mode": "\u8ba1\u7b97\u5f53\u524d\u7528\u91cf", "data": "\u8bb0\u5f55\u6210\u529f"}
2026-03-03 23:55:24 {"info": "y", "mode": "\u8ba1\u7b97\u5f53\u524d\u7528\u91cf", "data": "\u8bb0\u5f55\u6210\u529f"}
2026-03-04 00:00:00 {"info": "n", "mode": "\u8ba1\u7b97\u6bcf\u5929\u7528\u91cf__Rec_scheduler", "data": "\u5f00\u59cb\u8ba1\u7b97..."}
2026-03-04 00:00:00 {"info": "y", "mode": "\u8ba1\u7b97\u6bcf\u5929\u7528\u91cf__Rec_scheduler", "data": "\u8ba1\u7b97\u5e76\u66f4\u65b0\u6210\u529f"}
2026-03-04 00:00:00 {"info": "y", "msg": "\u5df2\u6e05\u74062026-03-02\u4e4b\u524d\u7684\u6570\u636e", "file": "/tmp/mnt/fwebcc/home/smqtt/pid/auto.log"}
2026-03-04 00:00:00 {"info": "y", "msg": "\u5df2\u6e05\u74062026-03-02\u4e4b\u524d\u7684\u6570\u636e", "file": "/tmp/mnt/fwebcc/home/smqtt/pid/apscheduler.log"}
2026-03-04 00:10:00 {"info": "y", "mode": "清理历史记录", "data": "删除表里7天前数据成功"}
2026-03-04 00:25:24 {"info": "y", "mode": "\u8ba1\u7b97\u5f53\u524d\u7528\u91cf", "data": "\u8bb0\u5f55\u6210\u529f"}
2026-03-04 00:55:24 {"info": "y", "mode": "\u8ba1\u7b97\u5f53\u524d\u7528\u91cf", "data": "\u8bb0\u5f55\u6210\u529f"}
2026-03-04 01:00:00 [Success-Main] loog/pw2/C off
2026-03-04 01:25:24 {"info": "y", "mode": "\u8ba1\u7b97\u5f53\u524d\u7528\u91cf", "data": "\u8bb0\u5f55\u6210\u529f"}
2026-03-04 01:55:24 {"info": "y", "mode": "\u8ba1\u7b97\u5f53\u524d\u7528\u91cf", "data": "\u8bb0\u5f55\u6210\u529f"}
2026-03-04 02:00:00 [Success-Main] loog/ac88u/C off
2026-03-04 02:25:24 {"info": "y", "mode": "\u8ba1\u7b97\u5f53\u524d\u7528\u91cf", "data": "\u8bb0\u5f55\u6210\u529f"}
2026-03-04 02:55:24 {"info": "y", "mode": "\u8ba1\u7b97\u5f53\u524d\u7528\u91cf", "data": "\u8bb0\u5f55\u6210\u529f"}
2026-03-04 03:25:24 {"info": "y", "mode": "\u8ba1\u7b97\u5f53\u524d\u7528\u91cf", "data": "\u8bb0\u5f55\u6210\u529f"}
2026-03-04 03:55:24 {"info": "y", "mode": "\u8ba1\u7b97\u5f53\u524d\u7528\u91cf", "data": "\u8bb0\u5f55\u6210\u529f"}
2026-03-04 04:25:24 {"info": "y", "mode": "\u8ba1\u7b97\u5f53\u524d\u7528\u91cf", "data": "\u8bb0\u5f55\u6210\u529f"}
2026-03-04 04:55:24 {"info": "y", "mode": "\u8ba1\u7b97\u5f53\u524d\u7528\u91cf", "data": "\u8bb0\u5f55\u6210\u529f"}
2026-03-04 05:25:24 {"info": "y", "mode": "\u8ba1\u7b97\u5f53\u524d\u7528\u91cf", "data": "\u8bb0\u5f55\u6210\u529f"}
2026-03-04 05:30:00 [Success-Main] loog/rsq/cmnd/POWER2 on
2026-03-04 05:53:04 [Success-Main] loog/keting/cmnd/POWER off
2026-03-04 05:55:24 {"info": "y", "mode": "\u8ba1\u7b97\u5f53\u524d\u7528\u91cf", "data": "\u8bb0\u5f55\u6210\u529f"}
2026-03-04 06:00:00 [Success-Main] loog/lxwc/C2 on
2026-03-04 06:00:00 [Success-Main] loog/rsq/cmnd/POWER1 on
2026-03-04 06:25:24 {"info": "y", "mode": "\u8ba1\u7b97\u5f53\u524d\u7528\u91cf", "data": "\u8bb0\u5f55\u6210\u529f"}
2026-03-04 06:55:24 {"info": "y", "mode": "\u8ba1\u7b97\u5f53\u524d\u7528\u91cf", "data": "\u8bb0\u5f55\u6210\u529f"}
2026-03-04 07:25:24 {"info": "y", "mode": "\u8ba1\u7b97\u5f53\u524d\u7528\u91cf", "data": "\u8bb0\u5f55\u6210\u529f"}
2026-03-04 07:55:00 [Success-Main] loog/rsq/cmnd/POWER1 off
2026-03-04 07:55:24 {"info": "y", "mode": "\u8ba1\u7b97\u5f53\u524d\u7528\u91cf", "data": "\u8bb0\u5f55\u6210\u529f"}
2026-03-04 08:00:00 [Success-Main] loog/keting/cmnd/POWER off
2026-03-04 08:25:24 {"info": "y", "mode": "\u8ba1\u7b97\u5f53\u524d\u7528\u91cf", "data": "\u8bb0\u5f55\u6210\u529f"}
2026-03-04 08:55:24 {"info": "y", "mode": "\u8ba1\u7b97\u5f53\u524d\u7528\u91cf", "data": "\u8bb0\u5f55\u6210\u529f"}
2026-03-04 09:25:24 {"info": "y", "mode": "\u8ba1\u7b97\u5f53\u524d\u7528\u91cf", "data": "\u8bb0\u5f55\u6210\u529f"}
